Using pre-set license
Built from '2022.2/staging' branch; Version is '2022.2.21f1 (4907324dc95b) revision 4785970'; Using compiler version '192829333'; Build Type 'Release'
OS: 'Windows 11  (10.0.22631) 64bit CoreSingleLanguage' Language: 'es' Physical Memory: 16091 MB
BatchMode: 1, IsHumanControllingUs: 0, StartBugReporterOnCrash: 0, Is64bit: 1, IsPro: 1

COMMAND LINE ARGUMENTS:
C:\Program Files\Unity\Hub\Editor\2022.2.21f1\Editor\Unity.exe
-adb2
-batchMode
-noUpm
-name
AssetImportWorker2
-projectPath
C:/Users/anton/Documents/GitHub/Examen_/Examen_
-logFile
Logs/AssetImportWorker2.log
-srvPort
52320
Successfully changed project path to: C:/Users/anton/Documents/GitHub/Examen_/Examen_
C:/Users/anton/Documents/GitHub/Examen_/Examen_
[UnityMemory] Configuration Parameters - Can be set up in boot.config
    "memorysetup-bucket-allocator-granularity=16"
    "memorysetup-bucket-allocator-bucket-count=8"
    "memorysetup-bucket-allocator-block-size=33554432"
    "memorysetup-bucket-allocator-block-count=8"
    "memorysetup-main-allocator-block-size=16777216"
    "memorysetup-thread-allocator-block-size=16777216"
    "memorysetup-gfx-main-allocator-block-size=16777216"
    "memorysetup-gfx-thread-allocator-block-size=16777216"
    "memorysetup-cache-allocator-block-size=4194304"
    "memorysetup-typetree-allocator-block-size=2097152"
    "memorysetup-profiler-bucket-allocator-granularity=16"
    "memorysetup-profiler-bucket-allocator-bucket-count=8"
    "memorysetup-profiler-bucket-allocator-block-size=33554432"
    "memorysetup-profiler-bucket-allocator-block-count=8"
    "memorysetup-profiler-allocator-block-size=16777216"
    "memorysetup-profiler-editor-allocator-block-size=1048576"
    "memorysetup-temp-allocator-size-main=16777216"
    "memorysetup-job-temp-allocator-block-size=2097152"
    "memorysetup-job-temp-allocator-block-size-background=1048576"
    "memorysetup-job-temp-allocator-reduction-small-platforms=262144"
    "memorysetup-allocator-temp-initial-block-size-main=262144"
    "memorysetup-allocator-temp-initial-block-size-worker=262144"
    "memorysetup-temp-allocator-size-background-worker=32768"
    "memorysetup-temp-allocator-size-job-worker=262144"
    "memorysetup-temp-allocator-size-preload-manager=33554432"
    "memorysetup-temp-allocator-size-nav-mesh-worker=65536"
    "memorysetup-temp-allocator-size-audio-worker=65536"
    "memorysetup-temp-allocator-size-cloud-worker=32768"
    "memorysetup-temp-allocator-size-gi-baking-worker=262144"
    "memorysetup-temp-allocator-size-gfx=262144"
Player connection [6172] Host "[IP] 192.168.0.16 [Port] 0 [Flags] 2 [Guid] 912587264 [EditorId] 912587264 [Version] 1048832 [Id] WindowsEditor(7,COMPUCHIPICHAPAPOCHIRIZZ) [Debug] 1 [PackageName] WindowsEditor [ProjectName] Editor" joined multi-casting on [225.0.0.222:54997]...

Player connection [6172] Host "[IP] 192.168.0.16 [Port] 0 [Flags] 2 [Guid] 912587264 [EditorId] 912587264 [Version] 1048832 [Id] WindowsEditor(7,COMPUCHIPICHAPAPOCHIRIZZ) [Debug] 1 [PackageName] WindowsEditor [ProjectName] Editor" joined alternative multi-casting on [225.0.0.222:34997]...

Refreshing native plugins compatible for Editor in 5.59 ms, found 3 plugins.
Preloading 0 native plugins for Editor in 0.00 ms.
Initialize engine version: 2022.2.21f1 (4907324dc95b)
[Subsystems] Discovering subsystems at path C:/Program Files/Unity/Hub/Editor/2022.2.21f1/Editor/Data/Resources/UnitySubsystems
[Subsystems] Discovering subsystems at path C:/Users/anton/Documents/GitHub/Examen_/Examen_/Assets
GfxDevice: creating device client; threaded=0; jobified=0
Direct3D:
    Version:  Direct3D 11.0 [level 11.1]
    Renderer: NVIDIA GeForce RTX 3050 6GB Laptop GPU (ID=0x25ec)
    Vendor:   NVIDIA
    VRAM:     6002 MB
    Driver:   32.0.15.6103
Initialize mono
Mono path[0] = 'C:/Program Files/Unity/Hub/Editor/2022.2.21f1/Editor/Data/Managed'
Mono path[1] = 'C:/Program Files/Unity/Hub/Editor/2022.2.21f1/Editor/Data/MonoBleedingEdge/lib/mono/unityjit-win32'
Mono config path = 'C:/Program Files/Unity/Hub/Editor/2022.2.21f1/Editor/Data/MonoBleedingEdge/etc'
Using monoOptions --debugger-agent=transport=dt_socket,embedding=1,server=y,suspend=n,address=127.0.0.1:56744
Begin MonoManager ReloadAssembly
Registering precompiled unity dll's ...
Register platform support module: C:/Program Files/Unity/Hub/Editor/2022.2.21f1/Editor/Data/PlaybackEngines/WindowsStandaloneSupport/UnityEditor.WindowsStandalone.Extensions.dll
Registered in 0.004192 seconds.
- Loaded All Assemblies, in  0.227 seconds
Native extension for WindowsStandalone target not found
Mono: successfully reloaded assembly
- Finished resetting the current domain, in  0.203 seconds
Domain Reload Profiling:
	ReloadAssembly (138ms)
		BeginReloadAssembly (62ms)
			ExecutionOrderSort (0ms)
			DisableScriptedObjects (0ms)
			BackupInstance (0ms)
			ReleaseScriptingObjects (0ms)
			CreateAndSetChildDomain (1ms)
		LoadAllAssembliesAndSetupDomain (0ms)
			LoadAssemblies (60ms)
			RebuildTransferFunctionScriptingTraits (0ms)
			SetupTypeCache (83ms)
				TypeCache.Initialize (83ms)
					TypeCache.ScanAssembly (82ms)
				ResolveRequiredComponents (0ms)
		FinalizeReload (0ms)
			ReleaseScriptCaches (0ms)
			RebuildScriptCaches (0ms)
			SetupLoadedEditorAssemblies (154ms)
				LogAssemblyErrors (0ms)
				InitializePlatformSupportModulesInManaged (7ms)
				SetLoadedEditorAssemblies (6ms)
				RefreshPlugins (0ms)
				BeforeProcessingInitializeOnLoad (1ms)
				ProcessInitializeOnLoadAttributes (104ms)
				ProcessInitializeOnLoadMethodAttributes (37ms)
				AfterProcessingInitializeOnLoad (0ms)
				EditorAssembliesLoaded (0ms)
			ExecutionOrderSort2 (0ms)
			AwakeInstancesAfterBackupRestoration (0ms)
========================================================================
Worker process is ready to serve import requests
Begin MonoManager ReloadAssembly
Symbol file LoadedFromMemory doesn't match image C:\Users\anton\Documents\GitHub\Examen_\Examen_\Library\PackageCache\com.unity.visualscripting@1.8.0\Editor\VisualScripting.Core\Dependencies\YamlDotNet\Unity.VisualScripting.YamlDotNet.dll
Symbol file LoadedFromMemory doesn't match image C:\Users\anton\Documents\GitHub\Examen_\Examen_\Library\PackageCache\com.unity.visualscripting@1.8.0\Editor\VisualScripting.Core\Dependencies\DotNetZip\Unity.VisualScripting.IonicZip.dll
- Loaded All Assemblies, in  0.569 seconds
Refreshing native plugins compatible for Editor in 1.78 ms, found 3 plugins.
Native extension for WindowsStandalone target not found
Mono: successfully reloaded assembly
- Finished resetting the current domain, in  0.465 seconds
Domain Reload Profiling:
	ReloadAssembly (181ms)
		BeginReloadAssembly (116ms)
			ExecutionOrderSort (0ms)
			DisableScriptedObjects (4ms)
			BackupInstance (0ms)
			ReleaseScriptingObjects (0ms)
			CreateAndSetChildDomain (18ms)
		LoadAllAssembliesAndSetupDomain (387ms)
			LoadAssemblies (220ms)
			RebuildTransferFunctionScriptingTraits (0ms)
			SetupTypeCache (213ms)
				TypeCache.Initialize (199ms)
					TypeCache.ScanAssembly (196ms)
				ResolveRequiredComponents (2ms)
		FinalizeReload (0ms)
			ReleaseScriptCaches (0ms)
			RebuildScriptCaches (0ms)
			SetupLoadedEditorAssemblies (341ms)
				LogAssemblyErrors (0ms)
				InitializePlatformSupportModulesInManaged (5ms)
				SetLoadedEditorAssemblies (3ms)
				RefreshPlugins (0ms)
				BeforeProcessingInitializeOnLoad (46ms)
				ProcessInitializeOnLoadAttributes (269ms)
				ProcessInitializeOnLoadMethodAttributes (14ms)
				AfterProcessingInitializeOnLoad (5ms)
				EditorAssembliesLoaded (0ms)
			ExecutionOrderSort2 (0ms)
			AwakeInstancesAfterBackupRestoration (5ms)
Launched and connected shader compiler UnityShaderCompiler.exe after 0.05 seconds
Refreshing native plugins compatible for Editor in 2.91 ms, found 3 plugins.
Preloading 0 native plugins for Editor in 0.00 ms.
Unloading 3088 Unused Serialized files (Serialized files now loaded: 0)
Unloading 31 unused Assets / (56.9 KB). Loaded Objects now: 3577.
Memory consumption went from 193.5 MB to 193.4 MB.
Total: 2.767000 ms (FindLiveObjects: 0.168500 ms CreateObjectMapping: 0.075600 ms MarkObjects: 2.421300 ms  DeleteObjects: 0.100300 ms)

AssetImportParameters requested are different than current active one (requested -> active):
  custom:container-demuxer-ogg: 62fdf1f143b41e24485cea50d1cbac27 -> 
  custom:video-codec-MediaFoundation-h265: 746d11721c4dcdbdad8f713fa42b33f4 -> 
  custom:video-decoder-ogg-theora: a1e56fd34408186e4bbccfd4996cb3dc -> 
  custom:framework-win-MediaFoundation: 216162199b28c13a410421893ffa2e32 -> 
  custom:container-demuxer-webm: 4f35f7cbe854078d1ac9338744f61a02 -> 
  custom:container-muxer-webm: aa71ff27fc2769a1b78a27578f13a17b -> 
  custom:video-decoder-webm-vp8: 9c59270c3fd7afecdb556c50c9e8de78 -> 
  custom:AudioImporter_EditorPlatform: d09bf68614088b80899f8185d706f6e7 -> 
  custom:video-encoder-webm-vp8: eb34c28f22e8b96e1ab97ce403110664 -> 
  custom:audio-decoder-ogg-vorbis: bf7c407c2cedff20999df2af8eb42d56 -> 
  custom:audio-encoder-webm-vorbis: bf7c407c2cedff20999df2af8eb42d56 -> 
========================================================================
Received Import Request.
  Time since last request: 5773.353869 seconds.
  path: Assets/Luces.lighting
  artifactKey: Guid(995d81e7bdb39ac47b5a49498597cf24) Importer(815301076,1909f56bfc062723c751e8b465ee728b)
Start importing Assets/Luces.lighting using Guid(995d81e7bdb39ac47b5a49498597cf24) Importer(815301076,1909f56bfc062723c751e8b465ee728b)  -> (artifact id: 'b2cbfe10d74bc3c3c2cc7b3f54afbff9') in 0.012776 seconds
Number of updated asset objects reloaded before import = 0
Number of asset objects unloaded after import = 1
========================================================================
Received Import Request.
  Time since last request: 3774.254471 seconds.
  path: Assets/Assets/BERCEST STUDIO/LP_MedievalShip/Prefabs/Props/barrel.prefab
  artifactKey: Guid(95cf93f4e6b7609438c6f35d0d28eb29) Importer(815301076,1909f56bfc062723c751e8b465ee728b)
Start importing Assets/Assets/BERCEST STUDIO/LP_MedievalShip/Prefabs/Props/barrel.prefab using Guid(95cf93f4e6b7609438c6f35d0d28eb29) Importer(815301076,1909f56bfc062723c751e8b465ee728b)  -> (artifact id: '50c8719b7fc8faacedeae68713c2f32c') in 0.156229 seconds
Number of updated asset objects reloaded before import = 0
Number of asset objects unloaded after import = 10
========================================================================
Received Import Request.
  Time since last request: 1.730937 seconds.
  path: Assets/Assets/BERCEST STUDIO/LP_MedievalShip/Prefabs/Weapons/cannon.prefab
  artifactKey: Guid(1b7403600508b3c4c8b138020893f5e2) Importer(815301076,1909f56bfc062723c751e8b465ee728b)
Start importing Assets/Assets/BERCEST STUDIO/LP_MedievalShip/Prefabs/Weapons/cannon.prefab using Guid(1b7403600508b3c4c8b138020893f5e2) Importer(815301076,1909f56bfc062723c751e8b465ee728b)  -> (artifact id: '6175839882bea7471d60038eee018339') in 0.020746 seconds
Number of updated asset objects reloaded before import = 0
Number of asset objects unloaded after import = 16
========================================================================
Received Import Request.
  Time since last request: 0.000020 seconds.
  path: Assets/Assets/BERCEST STUDIO/LP_MedievalShip/Prefabs/Props/coins.prefab
  artifactKey: Guid(49babd8734558424e804749b33441859) Importer(815301076,1909f56bfc062723c751e8b465ee728b)
Start importing Assets/Assets/BERCEST STUDIO/LP_MedievalShip/Prefabs/Props/coins.prefab using Guid(49babd8734558424e804749b33441859) Importer(815301076,1909f56bfc062723c751e8b465ee728b)  -> (artifact id: '296b3489a5f37c704f3683c3eb9bce2f') in 0.010077 seconds
Number of updated asset objects reloaded before import = 0
Number of asset objects unloaded after import = 10
========================================================================
Received Import Request.
  Time since last request: 1.043050 seconds.
  path: Assets/Assets/BERCEST STUDIO/LP_MedievalShip/Prefabs/Props/crate.01.prefab
  artifactKey: Guid(714e98a669580c64c9703f3e1dc0cad9) Importer(815301076,1909f56bfc062723c751e8b465ee728b)
Start importing Assets/Assets/BERCEST STUDIO/LP_MedievalShip/Prefabs/Props/crate.01.prefab using Guid(714e98a669580c64c9703f3e1dc0cad9) Importer(815301076,1909f56bfc062723c751e8b465ee728b)  -> (artifact id: '135f0e3258caed42a807b37c86b64f76') in 0.014599 seconds
Number of updated asset objects reloaded before import = 0
Number of asset objects unloaded after import = 10
========================================================================
Received Import Request.
  Time since last request: 0.000013 seconds.
  path: Assets/Assets/BERCEST STUDIO/LP_MedievalShip/Prefabs/Props/crate_cannonball.prefab
  artifactKey: Guid(493dff6abe6734a458a02af1e1cc1e61) Importer(815301076,1909f56bfc062723c751e8b465ee728b)
Start importing Assets/Assets/BERCEST STUDIO/LP_MedievalShip/Prefabs/Props/crate_cannonball.prefab using Guid(493dff6abe6734a458a02af1e1cc1e61) Importer(815301076,1909f56bfc062723c751e8b465ee728b)  -> (artifact id: 'd72dd76b6f6b68081e16e15e8ca5ebd8') in 0.012634 seconds
Number of updated asset objects reloaded before import = 0
Number of asset objects unloaded after import = 10
========================================================================
Received Import Request.
  Time since last request: 3.858766 seconds.
  path: Assets/Assets/BERCEST STUDIO/LP_MedievalShip/Prefabs/Props/flintlock_pistol.prefab
  artifactKey: Guid(70d4f601abd29d043822c252a6c9ab02) Importer(815301076,1909f56bfc062723c751e8b465ee728b)
Start importing Assets/Assets/BERCEST STUDIO/LP_MedievalShip/Prefabs/Props/flintlock_pistol.prefab using Guid(70d4f601abd29d043822c252a6c9ab02) Importer(815301076,1909f56bfc062723c751e8b465ee728b)  -> (artifact id: 'aa1302b21546d882a1f3b1cc44eb4164') in 0.013379 seconds
Number of updated asset objects reloaded before import = 0
Number of asset objects unloaded after import = 10
========================================================================
Received Import Request.
  Time since last request: 1.230047 seconds.
  path: Assets/Assets/BERCEST STUDIO/LP_MedievalShip/Prefabs/Props/lantern.prefab
  artifactKey: Guid(49423ea33ebcf17448ff75f4ee393e92) Importer(815301076,1909f56bfc062723c751e8b465ee728b)
Start importing Assets/Assets/BERCEST STUDIO/LP_MedievalShip/Prefabs/Props/lantern.prefab using Guid(49423ea33ebcf17448ff75f4ee393e92) Importer(815301076,1909f56bfc062723c751e8b465ee728b)  -> (artifact id: '6bd1da7846a704e4720a8861d8824ca5') in 0.054937 seconds
Number of updated asset objects reloaded before import = 0
Number of asset objects unloaded after import = 14
========================================================================
Received Import Request.
  Time since last request: 7.329858 seconds.
  path: Assets/Assets/BERCEST STUDIO/LP_MedievalShip/Prefabs/Props/map.prefab
  artifactKey: Guid(44b5c8d1f38dfe54880f8412e27d35c3) Importer(815301076,1909f56bfc062723c751e8b465ee728b)
Start importing Assets/Assets/BERCEST STUDIO/LP_MedievalShip/Prefabs/Props/map.prefab using Guid(44b5c8d1f38dfe54880f8412e27d35c3) Importer(815301076,1909f56bfc062723c751e8b465ee728b)  -> (artifact id: '4879a98c13fa09e5a5d7d00cbf81da6e') in 0.054739 seconds
Number of updated asset objects reloaded before import = 0
Number of asset objects unloaded after import = 10
========================================================================
Received Import Request.
  Time since last request: 383.011177 seconds.
  path: Assets/Assets/BERCEST STUDIO/LP_MedievalShip/Prefabs/Weapons/shield.prefab
  artifactKey: Guid(2a66b2dd3e9a6a346be6221f77ad8a7e) Importer(815301076,1909f56bfc062723c751e8b465ee728b)
Start importing Assets/Assets/BERCEST STUDIO/LP_MedievalShip/Prefabs/Weapons/shield.prefab using Guid(2a66b2dd3e9a6a346be6221f77ad8a7e) Importer(815301076,1909f56bfc062723c751e8b465ee728b)  -> (artifact id: 'bbc9b5e2c3cf9f85fb07a0f1c1cb689f') in 0.053478 seconds
Number of updated asset objects reloaded before import = 0
Number of asset objects unloaded after import = 10
========================================================================
Received Import Request.
  Time since last request: 0.682067 seconds.
  path: Assets/Assets/BERCEST STUDIO/LP_MedievalShip/Prefabs/Props/spyglass.prefab
  artifactKey: Guid(07981b2f11a9b9147a8be82fd728cbc0) Importer(815301076,1909f56bfc062723c751e8b465ee728b)
Start importing Assets/Assets/BERCEST STUDIO/LP_MedievalShip/Prefabs/Props/spyglass.prefab using Guid(07981b2f11a9b9147a8be82fd728cbc0) Importer(815301076,1909f56bfc062723c751e8b465ee728b)  -> (artifact id: '0e20e50886277492e1740eaec943cfff') in 0.009968 seconds
Number of updated asset objects reloaded before import = 0
Number of asset objects unloaded after import = 10
========================================================================
Received Import Request.
  Time since last request: 0.000020 seconds.
  path: Assets/Assets/BERCEST STUDIO/LP_MedievalShip/Prefabs/Weapons/sword.02.prefab
  artifactKey: Guid(b05852bf870d34942a997f9b3240d02c) Importer(815301076,1909f56bfc062723c751e8b465ee728b)
Start importing Assets/Assets/BERCEST STUDIO/LP_MedievalShip/Prefabs/Weapons/sword.02.prefab using Guid(b05852bf870d34942a997f9b3240d02c) Importer(815301076,1909f56bfc062723c751e8b465ee728b)  -> (artifact id: 'df29a726f814dc3c0816c31097d139c2') in 0.008244 seconds
Number of updated asset objects reloaded before import = 0
Number of asset objects unloaded after import = 10
========================================================================
Received Import Request.
  Time since last request: 8.806308 seconds.
  path: Assets/Assets/BERCEST STUDIO/LP_MedievalShip/Prefabs/Props/table.prefab
  artifactKey: Guid(25d5bf687b8043148aed6cd64423efb1) Importer(815301076,1909f56bfc062723c751e8b465ee728b)
Start importing Assets/Assets/BERCEST STUDIO/LP_MedievalShip/Prefabs/Props/table.prefab using Guid(25d5bf687b8043148aed6cd64423efb1) Importer(815301076,1909f56bfc062723c751e8b465ee728b)  -> (artifact id: 'e310cdce8141857f54c282bbf2de242b') in 0.019803 seconds
Number of updated asset objects reloaded before import = 0
Number of asset objects unloaded after import = 10
========================================================================
Received Import Request.
  Time since last request: 7147.910774 seconds.
  path: Assets/Assets/SimpleLowPolyNature/Prefabs/Mushroom2.prefab
  artifactKey: Guid(5ad0841d147e6664f9ee38e733624608) Importer(815301076,1909f56bfc062723c751e8b465ee728b)
Start importing Assets/Assets/SimpleLowPolyNature/Prefabs/Mushroom2.prefab using Guid(5ad0841d147e6664f9ee38e733624608) Importer(815301076,1909f56bfc062723c751e8b465ee728b)  -> (artifact id: 'e872b846eaf2eb958ee884cc03c59525') in 0.069907 seconds
Number of updated asset objects reloaded before import = 0
Number of asset objects unloaded after import = 9
========================================================================
Received Import Request.
  Time since last request: 1.064533 seconds.
  path: Assets/Assets/SimpleLowPolyNature/Prefabs/PlantEx2.prefab
  artifactKey: Guid(6ab95afc5b621784ca0606b0b15afde3) Importer(815301076,1909f56bfc062723c751e8b465ee728b)
Start importing Assets/Assets/SimpleLowPolyNature/Prefabs/PlantEx2.prefab using Guid(6ab95afc5b621784ca0606b0b15afde3) Importer(815301076,1909f56bfc062723c751e8b465ee728b)  -> (artifact id: '427bb222421c6294a36f924372a9cae1') in 0.017540 seconds
Number of updated asset objects reloaded before import = 0
Number of asset objects unloaded after import = 8
========================================================================
Received Prepare
Begin MonoManager ReloadAssembly
Symbol file LoadedFromMemory doesn't match image C:\Users\anton\Documents\GitHub\Examen_\Examen_\Library\PackageCache\com.unity.visualscripting@1.8.0\Editor\VisualScripting.Core\Dependencies\YamlDotNet\Unity.VisualScripting.YamlDotNet.dll
Symbol file LoadedFromMemory doesn't match image C:\Users\anton\Documents\GitHub\Examen_\Examen_\Library\PackageCache\com.unity.visualscripting@1.8.0\Editor\VisualScripting.Core\Dependencies\DotNetZip\Unity.VisualScripting.IonicZip.dll
- Loaded All Assemblies, in  0.687 seconds
Refreshing native plugins compatible for Editor in 1.91 ms, found 3 plugins.
Native extension for WindowsStandalone target not found
Mono: successfully reloaded assembly
- Finished resetting the current domain, in  0.762 seconds
Domain Reload Profiling:
	ReloadAssembly (281ms)
		BeginReloadAssembly (221ms)
			ExecutionOrderSort (0ms)
			DisableScriptedObjects (7ms)
			BackupInstance (0ms)
			ReleaseScriptingObjects (0ms)
			CreateAndSetChildDomain (100ms)
		LoadAllAssembliesAndSetupDomain (404ms)
			LoadAssemblies (258ms)
			RebuildTransferFunctionScriptingTraits (0ms)
			SetupTypeCache (215ms)
				TypeCache.Initialize (212ms)
					TypeCache.ScanAssembly (205ms)
				ResolveRequiredComponents (3ms)
		FinalizeReload (0ms)
			ReleaseScriptCaches (0ms)
			RebuildScriptCaches (0ms)
			SetupLoadedEditorAssemblies (377ms)
				LogAssemblyErrors (0ms)
				InitializePlatformSupportModulesInManaged (6ms)
				SetLoadedEditorAssemblies (4ms)
				RefreshPlugins (0ms)
				BeforeProcessingInitializeOnLoad (50ms)
				ProcessInitializeOnLoadAttributes (292ms)
				ProcessInitializeOnLoadMethodAttributes (20ms)
				AfterProcessingInitializeOnLoad (6ms)
				EditorAssembliesLoaded (0ms)
			ExecutionOrderSort2 (0ms)
			AwakeInstancesAfterBackupRestoration (5ms)
Refreshing native plugins compatible for Editor in 2.15 ms, found 3 plugins.
Preloading 0 native plugins for Editor in 0.00 ms.
Unloading 3077 Unused Serialized files (Serialized files now loaded: 0)
Unloading 22 unused Assets / (30.6 KB). Loaded Objects now: 3588.
Memory consumption went from 195.7 MB to 195.7 MB.
Total: 3.086900 ms (FindLiveObjects: 0.182600 ms CreateObjectMapping: 0.091100 ms MarkObjects: 2.759500 ms  DeleteObjects: 0.052800 ms)

Prepare: number of updated asset objects reloaded= 0
AssetImportParameters requested are different than current active one (requested -> active):
  custom:container-demuxer-ogg: 62fdf1f143b41e24485cea50d1cbac27 -> 
  custom:video-codec-MediaFoundation-h265: 746d11721c4dcdbdad8f713fa42b33f4 -> 
  custom:video-decoder-ogg-theora: a1e56fd34408186e4bbccfd4996cb3dc -> 
  custom:framework-win-MediaFoundation: 216162199b28c13a410421893ffa2e32 -> 
  custom:container-demuxer-webm: 4f35f7cbe854078d1ac9338744f61a02 -> 
  custom:container-muxer-webm: aa71ff27fc2769a1b78a27578f13a17b -> 
  custom:video-decoder-webm-vp8: 9c59270c3fd7afecdb556c50c9e8de78 -> 
  custom:AudioImporter_EditorPlatform: d09bf68614088b80899f8185d706f6e7 -> 
  custom:video-encoder-webm-vp8: eb34c28f22e8b96e1ab97ce403110664 -> 
  custom:audio-decoder-ogg-vorbis: bf7c407c2cedff20999df2af8eb42d56 -> 
  custom:audio-encoder-webm-vorbis: bf7c407c2cedff20999df2af8eb42d56 -> 
========================================================================
Received Import Request.
  Time since last request: 3622.068339 seconds.
  path: Assets/Assets2/101 sin título_20241126200412 (1).png
  artifactKey: Guid(5535f4ee251b70d4f8457961bfafb55a) Importer(815301076,1909f56bfc062723c751e8b465ee728b)
Start importing Assets/Assets2/101 sin título_20241126200412 (1).png using Guid(5535f4ee251b70d4f8457961bfafb55a) Importer(815301076,1909f56bfc062723c751e8b465ee728b)  -> (artifact id: 'a93ab284261d14917aa5b97086324dbc') in 0.146060 seconds
Number of updated asset objects reloaded before import = 0
Number of asset objects unloaded after import = 2
========================================================================
Received Import Request.
  Time since last request: 0.000035 seconds.
  path: Assets/Assets2/101 sin título_20241127170928.png
  artifactKey: Guid(a5c4e8d903348fe42be1e2b8288cfe12) Importer(815301076,1909f56bfc062723c751e8b465ee728b)
Start importing Assets/Assets2/101 sin título_20241127170928.png using Guid(a5c4e8d903348fe42be1e2b8288cfe12) Importer(815301076,1909f56bfc062723c751e8b465ee728b)  -> (artifact id: '5d5e23ba7ec3ebfe94d3349652d3f18d') in 0.083968 seconds
Number of updated asset objects reloaded before import = 0
Number of asset objects unloaded after import = 2
========================================================================
Received Import Request.
  Time since last request: 0.000029 seconds.
  path: Assets/Assets2/Daño.mp3
  artifactKey: Guid(d7398d3a9c6f12c479779ddc49aa9f35) Importer(815301076,1909f56bfc062723c751e8b465ee728b)
Start importing Assets/Assets2/Daño.mp3 using Guid(d7398d3a9c6f12c479779ddc49aa9f35) Importer(815301076,1909f56bfc062723c751e8b465ee728b)  -> (artifact id: '9aeb4cad103a30c93efdddce0e12f695') in 0.051271 seconds
Number of updated asset objects reloaded before import = 0
Number of asset objects unloaded after import = 2
========================================================================
Received Import Request.
  Time since last request: 0.000030 seconds.
  path: Assets/Assets2/101 sin título_20241127170924.png
  artifactKey: Guid(326c31ee637831042aa9a4752b7cb69e) Importer(815301076,1909f56bfc062723c751e8b465ee728b)
Start importing Assets/Assets2/101 sin título_20241127170924.png using Guid(326c31ee637831042aa9a4752b7cb69e) Importer(815301076,1909f56bfc062723c751e8b465ee728b)  -> (artifact id: '241baa580d6e7c24bf641d0256cc931d') in 0.007123 seconds
Number of updated asset objects reloaded before import = 0
Number of asset objects unloaded after import = 2
========================================================================
Received Import Request.
  Time since last request: 35.565459 seconds.
  path: Assets/Assets2/101 sin título_20241127155336.png
  artifactKey: Guid(358c98eed9f73914394e6cb8e8082be5) Importer(815301076,1909f56bfc062723c751e8b465ee728b)
Start importing Assets/Assets2/101 sin título_20241127155336.png using Guid(358c98eed9f73914394e6cb8e8082be5) Importer(815301076,1909f56bfc062723c751e8b465ee728b)  -> (artifact id: '7f39d113578d5e967a5d0ad6ba3d02e0') in 0.041585 seconds
Number of updated asset objects reloaded before import = 0
Number of asset objects unloaded after import = 2
========================================================================
Received Import Request.
  Time since last request: 0.000240 seconds.
  path: Assets/Assets2/101 sin título_20241127170916.png
  artifactKey: Guid(ac810b8816d883d4295112ae8eea3bcd) Importer(815301076,1909f56bfc062723c751e8b465ee728b)
Start importing Assets/Assets2/101 sin título_20241127170916.png using Guid(ac810b8816d883d4295112ae8eea3bcd) Importer(815301076,1909f56bfc062723c751e8b465ee728b)  -> (artifact id: '7c89bfa4b8b9589c91d69c9391effaf0') in 0.044929 seconds
Number of updated asset objects reloaded before import = 0
Number of asset objects unloaded after import = 2
========================================================================
Received Import Request.
  Time since last request: 0.000231 seconds.
  path: Assets/Assets2/101 sin título_20241127170920.png
  artifactKey: Guid(81fac73de174ea14ca82a7db5486b716) Importer(815301076,1909f56bfc062723c751e8b465ee728b)
Start importing Assets/Assets2/101 sin título_20241127170920.png using Guid(81fac73de174ea14ca82a7db5486b716) Importer(815301076,1909f56bfc062723c751e8b465ee728b)  -> (artifact id: 'e06a6195351df11abff5992bb082d814') in 0.015177 seconds
Number of updated asset objects reloaded before import = 0
Number of asset objects unloaded after import = 2
========================================================================
Received Import Request.
  Time since last request: 970.111031 seconds.
  path: Assets/Audios/Game_Over.mp3
  artifactKey: Guid(ad49dee00a542e04ab39c737e1064bd0) Importer(815301076,1909f56bfc062723c751e8b465ee728b)
Start importing Assets/Audios/Game_Over.mp3 using Guid(ad49dee00a542e04ab39c737e1064bd0) Importer(815301076,1909f56bfc062723c751e8b465ee728b)  -> (artifact id: '3c5f196e7a47bc8683f3cc50ebfcd560') in 0.045313 seconds
Number of updated asset objects reloaded before import = 0
Number of asset objects unloaded after import = 2
========================================================================
Received Import Request.
  Time since last request: 0.000021 seconds.
  path: Assets/Audios/Victory.mp3
  artifactKey: Guid(0ce5c5ed4a507a349bc0b60a5d3965fd) Importer(815301076,1909f56bfc062723c751e8b465ee728b)
Start importing Assets/Audios/Victory.mp3 using Guid(0ce5c5ed4a507a349bc0b60a5d3965fd) Importer(815301076,1909f56bfc062723c751e8b465ee728b)  -> (artifact id: 'b52815d89d64a7a77e36afca5f42bcec') in 0.006566 seconds
Number of updated asset objects reloaded before import = 0
Number of asset objects unloaded after import = 2
