Using pre-set license
Built from '2022.2/staging' branch; Version is '2022.2.21f1 (4907324dc95b) revision 4785970'; Using compiler version '192829333'; Build Type 'Release'
OS: 'Windows 11  (10.0.22631) 64bit CoreSingleLanguage' Language: 'es' Physical Memory: 16091 MB
BatchMode: 1, IsHumanControllingUs: 0, StartBugReporterOnCrash: 0, Is64bit: 1, IsPro: 1

COMMAND LINE ARGUMENTS:
C:\Program Files\Unity\Hub\Editor\2022.2.21f1\Editor\Unity.exe
-adb2
-batchMode
-noUpm
-name
AssetImportWorker0
-projectPath
C:/Users/anton/Documents/GitHub/Examen_/Examen_
-logFile
Logs/AssetImportWorker0.log
-srvPort
54907
Successfully changed project path to: C:/Users/anton/Documents/GitHub/Examen_/Examen_
C:/Users/anton/Documents/GitHub/Examen_/Examen_
[UnityMemory] Configuration Parameters - Can be set up in boot.config
    "memorysetup-bucket-allocator-granularity=16"
    "memorysetup-bucket-allocator-bucket-count=8"
    "memorysetup-bucket-allocator-block-size=33554432"
    "memorysetup-bucket-allocator-block-count=8"
    "memorysetup-main-allocator-block-size=16777216"
    "memorysetup-thread-allocator-block-size=16777216"
    "memorysetup-gfx-main-allocator-block-size=16777216"
    "memorysetup-gfx-thread-allocator-block-size=16777216"
    "memorysetup-cache-allocator-block-size=4194304"
    "memorysetup-typetree-allocator-block-size=2097152"
    "memorysetup-profiler-bucket-allocator-granularity=16"
    "memorysetup-profiler-bucket-allocator-bucket-count=8"
    "memorysetup-profiler-bucket-allocator-block-size=33554432"
    "memorysetup-profiler-bucket-allocator-block-count=8"
    "memorysetup-profiler-allocator-block-size=16777216"
    "memorysetup-profiler-editor-allocator-block-size=1048576"
    "memorysetup-temp-allocator-size-main=16777216"
    "memorysetup-job-temp-allocator-block-size=2097152"
    "memorysetup-job-temp-allocator-block-size-background=1048576"
    "memorysetup-job-temp-allocator-reduction-small-platforms=262144"
    "memorysetup-allocator-temp-initial-block-size-main=262144"
    "memorysetup-allocator-temp-initial-block-size-worker=262144"
    "memorysetup-temp-allocator-size-background-worker=32768"
    "memorysetup-temp-allocator-size-job-worker=262144"
    "memorysetup-temp-allocator-size-preload-manager=33554432"
    "memorysetup-temp-allocator-size-nav-mesh-worker=65536"
    "memorysetup-temp-allocator-size-audio-worker=65536"
    "memorysetup-temp-allocator-size-cloud-worker=32768"
    "memorysetup-temp-allocator-size-gi-baking-worker=262144"
    "memorysetup-temp-allocator-size-gfx=262144"
Player connection [21988] Host "[IP] 192.168.0.16 [Port] 0 [Flags] 2 [Guid] 667721308 [EditorId] 667721308 [Version] 1048832 [Id] WindowsEditor(7,COMPUCHIPICHAPAPOCHIRIZZ) [Debug] 1 [PackageName] WindowsEditor [ProjectName] Editor" joined multi-casting on [225.0.0.222:54997]...

Player connection [21988] Host "[IP] 192.168.0.16 [Port] 0 [Flags] 2 [Guid] 667721308 [EditorId] 667721308 [Version] 1048832 [Id] WindowsEditor(7,COMPUCHIPICHAPAPOCHIRIZZ) [Debug] 1 [PackageName] WindowsEditor [ProjectName] Editor" joined alternative multi-casting on [225.0.0.222:34997]...

Refreshing native plugins compatible for Editor in 9.46 ms, found 3 plugins.
Preloading 0 native plugins for Editor in 0.00 ms.
Initialize engine version: 2022.2.21f1 (4907324dc95b)
[Subsystems] Discovering subsystems at path C:/Program Files/Unity/Hub/Editor/2022.2.21f1/Editor/Data/Resources/UnitySubsystems
[Subsystems] Discovering subsystems at path C:/Users/anton/Documents/GitHub/Examen_/Examen_/Assets
GfxDevice: creating device client; threaded=0; jobified=0
Direct3D:
    Version:  Direct3D 11.0 [level 11.1]
    Renderer: NVIDIA GeForce RTX 3050 6GB Laptop GPU (ID=0x25ec)
    Vendor:   NVIDIA
    VRAM:     6002 MB
    Driver:   32.0.15.6103
Initialize mono
Mono path[0] = 'C:/Program Files/Unity/Hub/Editor/2022.2.21f1/Editor/Data/Managed'
Mono path[1] = 'C:/Program Files/Unity/Hub/Editor/2022.2.21f1/Editor/Data/MonoBleedingEdge/lib/mono/unityjit-win32'
Mono config path = 'C:/Program Files/Unity/Hub/Editor/2022.2.21f1/Editor/Data/MonoBleedingEdge/etc'
Using monoOptions --debugger-agent=transport=dt_socket,embedding=1,server=y,suspend=n,address=127.0.0.1:56904
Begin MonoManager ReloadAssembly
Registering precompiled unity dll's ...
Register platform support module: C:/Program Files/Unity/Hub/Editor/2022.2.21f1/Editor/Data/PlaybackEngines/WindowsStandaloneSupport/UnityEditor.WindowsStandalone.Extensions.dll
Registered in 0.009920 seconds.
- Loaded All Assemblies, in  0.405 seconds
Native extension for WindowsStandalone target not found
Mono: successfully reloaded assembly
- Finished resetting the current domain, in  0.278 seconds
Domain Reload Profiling:
	ReloadAssembly (262ms)
		BeginReloadAssembly (146ms)
			ExecutionOrderSort (0ms)
			DisableScriptedObjects (0ms)
			BackupInstance (0ms)
			ReleaseScriptingObjects (0ms)
			CreateAndSetChildDomain (1ms)
		LoadAllAssembliesAndSetupDomain (0ms)
			LoadAssemblies (140ms)
			RebuildTransferFunctionScriptingTraits (0ms)
			SetupTypeCache (135ms)
				TypeCache.Initialize (135ms)
					TypeCache.ScanAssembly (133ms)
				ResolveRequiredComponents (0ms)
		FinalizeReload (0ms)
			ReleaseScriptCaches (0ms)
			RebuildScriptCaches (0ms)
			SetupLoadedEditorAssemblies (218ms)
				LogAssemblyErrors (0ms)
				InitializePlatformSupportModulesInManaged (8ms)
				SetLoadedEditorAssemblies (8ms)
				RefreshPlugins (0ms)
				BeforeProcessingInitializeOnLoad (1ms)
				ProcessInitializeOnLoadAttributes (151ms)
				ProcessInitializeOnLoadMethodAttributes (50ms)
				AfterProcessingInitializeOnLoad (0ms)
				EditorAssembliesLoaded (0ms)
			ExecutionOrderSort2 (0ms)
			AwakeInstancesAfterBackupRestoration (0ms)
========================================================================
Worker process is ready to serve import requests
Begin MonoManager ReloadAssembly
Symbol file LoadedFromMemory doesn't match image C:\Users\anton\Documents\GitHub\Examen_\Examen_\Library\PackageCache\com.unity.visualscripting@1.8.0\Editor\VisualScripting.Core\Dependencies\YamlDotNet\Unity.VisualScripting.YamlDotNet.dll
Symbol file LoadedFromMemory doesn't match image C:\Users\anton\Documents\GitHub\Examen_\Examen_\Library\PackageCache\com.unity.visualscripting@1.8.0\Editor\VisualScripting.Core\Dependencies\DotNetZip\Unity.VisualScripting.IonicZip.dll
- Loaded All Assemblies, in  0.814 seconds
Refreshing native plugins compatible for Editor in 3.00 ms, found 3 plugins.
Native extension for WindowsStandalone target not found
Mono: successfully reloaded assembly
- Finished resetting the current domain, in  0.635 seconds
Domain Reload Profiling:
	ReloadAssembly (231ms)
		BeginReloadAssembly (141ms)
			ExecutionOrderSort (0ms)
			DisableScriptedObjects (9ms)
			BackupInstance (0ms)
			ReleaseScriptingObjects (0ms)
			CreateAndSetChildDomain (22ms)
		LoadAllAssembliesAndSetupDomain (581ms)
			LoadAssemblies (359ms)
			RebuildTransferFunctionScriptingTraits (0ms)
			SetupTypeCache (286ms)
				TypeCache.Initialize (267ms)
					TypeCache.ScanAssembly (264ms)
				ResolveRequiredComponents (3ms)
		FinalizeReload (0ms)
			ReleaseScriptCaches (0ms)
			RebuildScriptCaches (0ms)
			SetupLoadedEditorAssemblies (494ms)
				LogAssemblyErrors (0ms)
				InitializePlatformSupportModulesInManaged (7ms)
				SetLoadedEditorAssemblies (5ms)
				RefreshPlugins (0ms)
				BeforeProcessingInitializeOnLoad (55ms)
				ProcessInitializeOnLoadAttributes (401ms)
				ProcessInitializeOnLoadMethodAttributes (20ms)
				AfterProcessingInitializeOnLoad (7ms)
				EditorAssembliesLoaded (0ms)
			ExecutionOrderSort2 (0ms)
			AwakeInstancesAfterBackupRestoration (7ms)
Launched and connected shader compiler UnityShaderCompiler.exe after 0.07 seconds
Refreshing native plugins compatible for Editor in 3.24 ms, found 3 plugins.
Preloading 0 native plugins for Editor in 0.00 ms.
Unloading 3088 Unused Serialized files (Serialized files now loaded: 0)
Unloading 31 unused Assets / (56.6 KB). Loaded Objects now: 3575.
Memory consumption went from 192.9 MB to 192.8 MB.
Total: 2.592800 ms (FindLiveObjects: 0.202300 ms CreateObjectMapping: 0.079800 ms MarkObjects: 2.208600 ms  DeleteObjects: 0.100500 ms)

AssetImportParameters requested are different than current active one (requested -> active):
  custom:container-demuxer-ogg: 62fdf1f143b41e24485cea50d1cbac27 -> 
  custom:video-codec-MediaFoundation-h265: 746d11721c4dcdbdad8f713fa42b33f4 -> 
  custom:video-decoder-ogg-theora: a1e56fd34408186e4bbccfd4996cb3dc -> 
  custom:framework-win-MediaFoundation: 216162199b28c13a410421893ffa2e32 -> 
  custom:container-demuxer-webm: 4f35f7cbe854078d1ac9338744f61a02 -> 
  custom:container-muxer-webm: aa71ff27fc2769a1b78a27578f13a17b -> 
  custom:video-decoder-webm-vp8: 9c59270c3fd7afecdb556c50c9e8de78 -> 
  custom:AudioImporter_EditorPlatform: d09bf68614088b80899f8185d706f6e7 -> 
  custom:video-encoder-webm-vp8: eb34c28f22e8b96e1ab97ce403110664 -> 
  custom:audio-decoder-ogg-vorbis: bf7c407c2cedff20999df2af8eb42d56 -> 
  custom:audio-encoder-webm-vorbis: bf7c407c2cedff20999df2af8eb42d56 -> 
========================================================================
Received Import Request.
  Time since last request: 96168.197268 seconds.
  path: Assets/Assets2/fog_textura.png
  artifactKey: Guid(c3fc2a8606b501244adfd81a0d0ee192) Importer(815301076,1909f56bfc062723c751e8b465ee728b)
Start importing Assets/Assets2/fog_textura.png using Guid(c3fc2a8606b501244adfd81a0d0ee192) Importer(815301076,1909f56bfc062723c751e8b465ee728b)  -> (artifact id: '1e18a85b255022c5b5d45aee1270ec3e') in 0.045504 seconds
Number of updated asset objects reloaded before import = 0
Number of asset objects unloaded after import = 2
========================================================================
Received Import Request.
  Time since last request: 50.274507 seconds.
  path: Assets/Assets2/New Material.mat
  artifactKey: Guid(33609c3abea082744ace49fcb594c308) Importer(815301076,1909f56bfc062723c751e8b465ee728b)
Start importing Assets/Assets2/New Material.mat using Guid(33609c3abea082744ace49fcb594c308) Importer(815301076,1909f56bfc062723c751e8b465ee728b)  -> (artifact id: '242c7d1daef8cf78135a65bf04088a21') in 0.092033 seconds
Number of updated asset objects reloaded before import = 0
Number of asset objects unloaded after import = 1
========================================================================
Received Import Request.
  Time since last request: 26.704035 seconds.
  path: Assets/Assets2/fog_textura.png
  artifactKey: Guid(c3fc2a8606b501244adfd81a0d0ee192) Importer(815301076,1909f56bfc062723c751e8b465ee728b)
Start importing Assets/Assets2/fog_textura.png using Guid(c3fc2a8606b501244adfd81a0d0ee192) Importer(815301076,1909f56bfc062723c751e8b465ee728b)  -> (artifact id: '0b19ad5aeed76e32ec1f26642b3d3882') in 0.021596 seconds
Number of updated asset objects reloaded before import = 0
Number of asset objects unloaded after import = 2
========================================================================
Received Import Request.
  Time since last request: 6.842506 seconds.
  path: Assets/Assets2/101 sin título_20241124173218.png
  artifactKey: Guid(fb5c1b25ae5971c47bf6bc0d093f878c) Importer(815301076,1909f56bfc062723c751e8b465ee728b)
Start importing Assets/Assets2/101 sin título_20241124173218.png using Guid(fb5c1b25ae5971c47bf6bc0d093f878c) Importer(815301076,1909f56bfc062723c751e8b465ee728b)  -> (artifact id: '702b20c32e9614d6d65a4d8180d50d58') in 0.009130 seconds
Number of updated asset objects reloaded before import = 0
Number of asset objects unloaded after import = 2
========================================================================
Received Import Request.
  Time since last request: 2.890601 seconds.
  path: Assets/Assets2/101 sin título_20241124173239.png
  artifactKey: Guid(e91cfba5bc6f6804195e06f33ca51357) Importer(815301076,1909f56bfc062723c751e8b465ee728b)
Start importing Assets/Assets2/101 sin título_20241124173239.png using Guid(e91cfba5bc6f6804195e06f33ca51357) Importer(815301076,1909f56bfc062723c751e8b465ee728b)  -> (artifact id: '21ad802a7bb3df7f8b1b81430df06b98') in 0.004975 seconds
Number of updated asset objects reloaded before import = 0
Number of asset objects unloaded after import = 2
========================================================================
Received Import Request.
  Time since last request: 5.119558 seconds.
  path: Assets/Assets2/101 sin título_20241126200032.png
  artifactKey: Guid(d1af4733cc283644caf89816e66aaa96) Importer(815301076,1909f56bfc062723c751e8b465ee728b)
Start importing Assets/Assets2/101 sin título_20241126200032.png using Guid(d1af4733cc283644caf89816e66aaa96) Importer(815301076,1909f56bfc062723c751e8b465ee728b)  -> (artifact id: '5cb73c8002d3bfc1d9d599e7af11f508') in 0.026750 seconds
Number of updated asset objects reloaded before import = 0
Number of asset objects unloaded after import = 2
========================================================================
Received Import Request.
  Time since last request: 4.970451 seconds.
  path: Assets/Assets2/100 sin título_20241124170546.png
  artifactKey: Guid(156080888dfbc004592a04ac98225c66) Importer(815301076,1909f56bfc062723c751e8b465ee728b)
Start importing Assets/Assets2/100 sin título_20241124170546.png using Guid(156080888dfbc004592a04ac98225c66) Importer(815301076,1909f56bfc062723c751e8b465ee728b)  -> (artifact id: '7c0868dd342bd0fa88d298e8de7ed5a6') in 0.011168 seconds
Number of updated asset objects reloaded before import = 0
Number of asset objects unloaded after import = 2
========================================================================
Received Import Request.
  Time since last request: 2.775935 seconds.
  path: Assets/Assets2/100 sin título_20241124170553.png
  artifactKey: Guid(cb0d468e0ede86e45b63d70d58aec436) Importer(815301076,1909f56bfc062723c751e8b465ee728b)
Start importing Assets/Assets2/100 sin título_20241124170553.png using Guid(cb0d468e0ede86e45b63d70d58aec436) Importer(815301076,1909f56bfc062723c751e8b465ee728b)  -> (artifact id: '60d0429a3bda9b6666f569d584b1cd49') in 0.006525 seconds
Number of updated asset objects reloaded before import = 0
Number of asset objects unloaded after import = 2
========================================================================
Received Import Request.
  Time since last request: 2.892384 seconds.
  path: Assets/Assets2/100 sin título_20241124170601.png
  artifactKey: Guid(d1fdc03e7209e6d44bab83bd3e4a47fe) Importer(815301076,1909f56bfc062723c751e8b465ee728b)
Start importing Assets/Assets2/100 sin título_20241124170601.png using Guid(d1fdc03e7209e6d44bab83bd3e4a47fe) Importer(815301076,1909f56bfc062723c751e8b465ee728b)  -> (artifact id: '7a302e0a98a6b4ff5a147af1671b897e') in 0.008576 seconds
Number of updated asset objects reloaded before import = 0
Number of asset objects unloaded after import = 2
========================================================================
Received Import Request.
  Time since last request: 2.368611 seconds.
  path: Assets/Assets2/100 sin título_20241124170611.png
  artifactKey: Guid(39cb39a72d2eddc40b080e41b5917a87) Importer(815301076,1909f56bfc062723c751e8b465ee728b)
Start importing Assets/Assets2/100 sin título_20241124170611.png using Guid(39cb39a72d2eddc40b080e41b5917a87) Importer(815301076,1909f56bfc062723c751e8b465ee728b)  -> (artifact id: 'acd26e92bf98c930d0713da735b265ef') in 0.007145 seconds
Number of updated asset objects reloaded before import = 0
Number of asset objects unloaded after import = 2
========================================================================
Received Import Request.
  Time since last request: 3.466240 seconds.
  path: Assets/Assets2/101 sin título_20241126200353.png
  artifactKey: Guid(7baf10e0476847948aff5bc608104928) Importer(815301076,1909f56bfc062723c751e8b465ee728b)
Start importing Assets/Assets2/101 sin título_20241126200353.png using Guid(7baf10e0476847948aff5bc608104928) Importer(815301076,1909f56bfc062723c751e8b465ee728b)  -> (artifact id: 'a04fde9a464a8026b815cde9ea32b952') in 0.008051 seconds
Number of updated asset objects reloaded before import = 0
Number of asset objects unloaded after import = 2
========================================================================
Received Import Request.
  Time since last request: 2.144255 seconds.
  path: Assets/Assets2/101 sin título_20241126200359.png
  artifactKey: Guid(5068bf036714b6748a40610808794b16) Importer(815301076,1909f56bfc062723c751e8b465ee728b)
Start importing Assets/Assets2/101 sin título_20241126200359.png using Guid(5068bf036714b6748a40610808794b16) Importer(815301076,1909f56bfc062723c751e8b465ee728b)  -> (artifact id: '416b3998ab511124cc0c6623b2f21cde') in 0.005519 seconds
Number of updated asset objects reloaded before import = 0
Number of asset objects unloaded after import = 2
========================================================================
Received Import Request.
  Time since last request: 2.354469 seconds.
  path: Assets/Assets2/101 sin título_20241126200406.png
  artifactKey: Guid(a1263c4c53a3a20448ebc6677e7b1fa6) Importer(815301076,1909f56bfc062723c751e8b465ee728b)
Start importing Assets/Assets2/101 sin título_20241126200406.png using Guid(a1263c4c53a3a20448ebc6677e7b1fa6) Importer(815301076,1909f56bfc062723c751e8b465ee728b)  -> (artifact id: 'e5a052bb952c5bcd8e5fc6bb0384846f') in 0.006229 seconds
Number of updated asset objects reloaded before import = 0
Number of asset objects unloaded after import = 2
========================================================================
Received Import Request.
  Time since last request: 2.468227 seconds.
  path: Assets/Assets2/101 sin título_20241126200412.png
  artifactKey: Guid(9837124a008dbf54e9bf575784ce1719) Importer(815301076,1909f56bfc062723c751e8b465ee728b)
Start importing Assets/Assets2/101 sin título_20241126200412.png using Guid(9837124a008dbf54e9bf575784ce1719) Importer(815301076,1909f56bfc062723c751e8b465ee728b)  -> (artifact id: '329271ac41b7fe9e4ed1d83b35b706c7') in 0.026153 seconds
Number of updated asset objects reloaded before import = 0
Number of asset objects unloaded after import = 2
========================================================================
Received Import Request.
  Time since last request: 2.680708 seconds.
  path: Assets/Assets2/101 sin título_20241126200418.png
  artifactKey: Guid(7328cb6173168d9409875b65dcca5692) Importer(815301076,1909f56bfc062723c751e8b465ee728b)
Start importing Assets/Assets2/101 sin título_20241126200418.png using Guid(7328cb6173168d9409875b65dcca5692) Importer(815301076,1909f56bfc062723c751e8b465ee728b)  -> (artifact id: 'b8916c753d5547b9c4c94e573de04a41') in 0.024575 seconds
Number of updated asset objects reloaded before import = 0
Number of asset objects unloaded after import = 2
========================================================================
Received Import Request.
  Time since last request: 3.539718 seconds.
  path: Assets/Assets2/103 sin título_20241124172951.png
  artifactKey: Guid(154d22ca53565c34a9b4b176c93d0cda) Importer(815301076,1909f56bfc062723c751e8b465ee728b)
Start importing Assets/Assets2/103 sin título_20241124172951.png using Guid(154d22ca53565c34a9b4b176c93d0cda) Importer(815301076,1909f56bfc062723c751e8b465ee728b)  -> (artifact id: 'a5be5369357b030491fc2fa11482cdee') in 0.020366 seconds
Number of updated asset objects reloaded before import = 0
Number of asset objects unloaded after import = 2
========================================================================
Received Import Request.
  Time since last request: 3.446444 seconds.
  path: Assets/Assets2/Cursed Island.png
  artifactKey: Guid(873075871f6d7404399d50d9fb6ad92a) Importer(815301076,1909f56bfc062723c751e8b465ee728b)
Start importing Assets/Assets2/Cursed Island.png using Guid(873075871f6d7404399d50d9fb6ad92a) Importer(815301076,1909f56bfc062723c751e8b465ee728b)  -> (artifact id: 'ef6923d40a4255085b73bfb390bce283') in 0.029984 seconds
Number of updated asset objects reloaded before import = 0
Number of asset objects unloaded after import = 2
========================================================================
Received Import Request.
  Time since last request: 41.199338 seconds.
  path: Assets/Assets2/Fog_mat.mat
  artifactKey: Guid(33609c3abea082744ace49fcb594c308) Importer(815301076,1909f56bfc062723c751e8b465ee728b)
Start importing Assets/Assets2/Fog_mat.mat using Guid(33609c3abea082744ace49fcb594c308) Importer(815301076,1909f56bfc062723c751e8b465ee728b)  -> (artifact id: 'de3cd29fa32df62b55f779a517a0819e') in 0.007606 seconds
Number of updated asset objects reloaded before import = 0
Number of asset objects unloaded after import = 1
========================================================================
Received Import Request.
  Time since last request: 764.814735 seconds.
  path: Assets/Assets2/Fog_mat.mat
  artifactKey: Guid(33609c3abea082744ace49fcb594c308) Importer(815301076,1909f56bfc062723c751e8b465ee728b)
Start importing Assets/Assets2/Fog_mat.mat using Guid(33609c3abea082744ace49fcb594c308) Importer(815301076,1909f56bfc062723c751e8b465ee728b)  -> (artifact id: '01e54ab1a31d7f34e37096ec5d56bea2') in 0.085083 seconds
Number of updated asset objects reloaded before import = 0
Number of asset objects unloaded after import = 2
