Using pre-set license
Built from '2022.2/staging' branch; Version is '2022.2.21f1 (4907324dc95b) revision 4785970'; Using compiler version '192829333'; Build Type 'Release'
<<<<<<< Updated upstream
OS: 'Windows 10  (10.0.19045) 64bit Professional' Language: 'es' Physical Memory: 16310 MB
BatchMode: 1, IsHumanControllingUs: 0, StartBugReporterOnCrash: 0, Is64bit: 1, IsPro: 1

COMMAND LINE ARGUMENTS:
B:\Unity\Unity\2022.2.21f1\Editor\Unity.exe
=======
OS: 'Windows 11  (10.0.22631) 64bit CoreSingleLanguage' Language: 'es' Physical Memory: 16091 MB
BatchMode: 1, IsHumanControllingUs: 0, StartBugReporterOnCrash: 0, Is64bit: 1, IsPro: 1

COMMAND LINE ARGUMENTS:
C:\Program Files\Unity\Hub\Editor\2022.2.21f1\Editor\Unity.exe
>>>>>>> Stashed changes
-adb2
-batchMode
-noUpm
-name
AssetImportWorker3
-projectPath
<<<<<<< Updated upstream
E:/GitHub/Tony/Examen_/Examen_
-logFile
Logs/AssetImportWorker3.log
-srvPort
64209
Successfully changed project path to: E:/GitHub/Tony/Examen_/Examen_
E:/GitHub/Tony/Examen_/Examen_
=======
C:/Users/anton/Documents/GitHub/Examen_/Examen_
-logFile
Logs/AssetImportWorker3.log
-srvPort
52320
Successfully changed project path to: C:/Users/anton/Documents/GitHub/Examen_/Examen_
C:/Users/anton/Documents/GitHub/Examen_/Examen_
>>>>>>> Stashed changes
[UnityMemory] Configuration Parameters - Can be set up in boot.config
    "memorysetup-bucket-allocator-granularity=16"
    "memorysetup-bucket-allocator-bucket-count=8"
    "memorysetup-bucket-allocator-block-size=33554432"
    "memorysetup-bucket-allocator-block-count=8"
    "memorysetup-main-allocator-block-size=16777216"
    "memorysetup-thread-allocator-block-size=16777216"
    "memorysetup-gfx-main-allocator-block-size=16777216"
    "memorysetup-gfx-thread-allocator-block-size=16777216"
    "memorysetup-cache-allocator-block-size=4194304"
    "memorysetup-typetree-allocator-block-size=2097152"
    "memorysetup-profiler-bucket-allocator-granularity=16"
    "memorysetup-profiler-bucket-allocator-bucket-count=8"
    "memorysetup-profiler-bucket-allocator-block-size=33554432"
    "memorysetup-profiler-bucket-allocator-block-count=8"
    "memorysetup-profiler-allocator-block-size=16777216"
    "memorysetup-profiler-editor-allocator-block-size=1048576"
    "memorysetup-temp-allocator-size-main=16777216"
    "memorysetup-job-temp-allocator-block-size=2097152"
    "memorysetup-job-temp-allocator-block-size-background=1048576"
    "memorysetup-job-temp-allocator-reduction-small-platforms=262144"
    "memorysetup-allocator-temp-initial-block-size-main=262144"
    "memorysetup-allocator-temp-initial-block-size-worker=262144"
    "memorysetup-temp-allocator-size-background-worker=32768"
    "memorysetup-temp-allocator-size-job-worker=262144"
    "memorysetup-temp-allocator-size-preload-manager=33554432"
    "memorysetup-temp-allocator-size-nav-mesh-worker=65536"
    "memorysetup-temp-allocator-size-audio-worker=65536"
    "memorysetup-temp-allocator-size-cloud-worker=32768"
    "memorysetup-temp-allocator-size-gi-baking-worker=262144"
    "memorysetup-temp-allocator-size-gfx=262144"
<<<<<<< Updated upstream
Player connection [40284] Host "[IP] 192.168.1.183 [Port] 0 [Flags] 2 [Guid] 1293796327 [EditorId] 1293796327 [Version] 1048832 [Id] WindowsEditor(7,DESKTOP-80UC5B1) [Debug] 1 [PackageName] WindowsEditor [ProjectName] Editor" joined multi-casting on [225.0.0.222:54997]...

Player connection [40284] Host "[IP] 192.168.1.183 [Port] 0 [Flags] 2 [Guid] 1293796327 [EditorId] 1293796327 [Version] 1048832 [Id] WindowsEditor(7,DESKTOP-80UC5B1) [Debug] 1 [PackageName] WindowsEditor [ProjectName] Editor" joined alternative multi-casting on [225.0.0.222:34997]...

Refreshing native plugins compatible for Editor in 7.33 ms, found 3 plugins.
Preloading 0 native plugins for Editor in 0.00 ms.
Initialize engine version: 2022.2.21f1 (4907324dc95b)
[Subsystems] Discovering subsystems at path B:/Unity/Unity/2022.2.21f1/Editor/Data/Resources/UnitySubsystems
[Subsystems] Discovering subsystems at path E:/GitHub/Tony/Examen_/Examen_/Assets
GfxDevice: creating device client; threaded=0; jobified=0
Direct3D:
    Version:  Direct3D 11.0 [level 11.1]
    Renderer: NVIDIA GeForce RTX 3060 (ID=0x2544)
    Vendor:   NVIDIA
    VRAM:     8036 MB
    Driver:   32.0.15.6614
Initialize mono
Mono path[0] = 'B:/Unity/Unity/2022.2.21f1/Editor/Data/Managed'
Mono path[1] = 'B:/Unity/Unity/2022.2.21f1/Editor/Data/MonoBleedingEdge/lib/mono/unityjit-win32'
Mono config path = 'B:/Unity/Unity/2022.2.21f1/Editor/Data/MonoBleedingEdge/etc'
Using monoOptions --debugger-agent=transport=dt_socket,embedding=1,server=y,suspend=n,address=127.0.0.1:56272
Begin MonoManager ReloadAssembly
Registering precompiled unity dll's ...
Register platform support module: B:/Unity/Unity/2022.2.21f1/Editor/Data/PlaybackEngines/WindowsStandaloneSupport/UnityEditor.WindowsStandalone.Extensions.dll
Registered in 0.003333 seconds.
- Loaded All Assemblies, in  0.281 seconds
Native extension for WindowsStandalone target not found
Mono: successfully reloaded assembly
- Finished resetting the current domain, in  0.233 seconds
Domain Reload Profiling:
	ReloadAssembly (171ms)
		BeginReloadAssembly (89ms)
=======
Player connection [8256] Host "[IP] 192.168.0.16 [Port] 0 [Flags] 2 [Guid] 1203290213 [EditorId] 1203290213 [Version] 1048832 [Id] WindowsEditor(7,COMPUCHIPICHAPAPOCHIRIZZ) [Debug] 1 [PackageName] WindowsEditor [ProjectName] Editor" joined multi-casting on [225.0.0.222:54997]...

Player connection [8256] Host "[IP] 192.168.0.16 [Port] 0 [Flags] 2 [Guid] 1203290213 [EditorId] 1203290213 [Version] 1048832 [Id] WindowsEditor(7,COMPUCHIPICHAPAPOCHIRIZZ) [Debug] 1 [PackageName] WindowsEditor [ProjectName] Editor" joined alternative multi-casting on [225.0.0.222:34997]...

Refreshing native plugins compatible for Editor in 6.09 ms, found 3 plugins.
Preloading 0 native plugins for Editor in 0.00 ms.
Initialize engine version: 2022.2.21f1 (4907324dc95b)
[Subsystems] Discovering subsystems at path C:/Program Files/Unity/Hub/Editor/2022.2.21f1/Editor/Data/Resources/UnitySubsystems
[Subsystems] Discovering subsystems at path C:/Users/anton/Documents/GitHub/Examen_/Examen_/Assets
GfxDevice: creating device client; threaded=0; jobified=0
Direct3D:
    Version:  Direct3D 11.0 [level 11.1]
    Renderer: NVIDIA GeForce RTX 3050 6GB Laptop GPU (ID=0x25ec)
    Vendor:   NVIDIA
    VRAM:     6002 MB
    Driver:   32.0.15.6103
Initialize mono
Mono path[0] = 'C:/Program Files/Unity/Hub/Editor/2022.2.21f1/Editor/Data/Managed'
Mono path[1] = 'C:/Program Files/Unity/Hub/Editor/2022.2.21f1/Editor/Data/MonoBleedingEdge/lib/mono/unityjit-win32'
Mono config path = 'C:/Program Files/Unity/Hub/Editor/2022.2.21f1/Editor/Data/MonoBleedingEdge/etc'
Using monoOptions --debugger-agent=transport=dt_socket,embedding=1,server=y,suspend=n,address=127.0.0.1:56724
Begin MonoManager ReloadAssembly
Registering precompiled unity dll's ...
Register platform support module: C:/Program Files/Unity/Hub/Editor/2022.2.21f1/Editor/Data/PlaybackEngines/WindowsStandaloneSupport/UnityEditor.WindowsStandalone.Extensions.dll
Registered in 0.004031 seconds.
- Loaded All Assemblies, in  0.255 seconds
Native extension for WindowsStandalone target not found
Mono: successfully reloaded assembly
- Finished resetting the current domain, in  0.234 seconds
Domain Reload Profiling:
	ReloadAssembly (143ms)
		BeginReloadAssembly (69ms)
>>>>>>> Stashed changes
			ExecutionOrderSort (0ms)
			DisableScriptedObjects (0ms)
			BackupInstance (0ms)
			ReleaseScriptingObjects (0ms)
			CreateAndSetChildDomain (1ms)
		LoadAllAssembliesAndSetupDomain (0ms)
<<<<<<< Updated upstream
			LoadAssemblies (88ms)
			RebuildTransferFunctionScriptingTraits (0ms)
			SetupTypeCache (107ms)
				TypeCache.Initialize (107ms)
					TypeCache.ScanAssembly (105ms)
				ResolveRequiredComponents (0ms)
		FinalizeReload (0ms)
			ReleaseScriptCaches (0ms)
			RebuildScriptCaches (0ms)
			SetupLoadedEditorAssemblies (183ms)
				LogAssemblyErrors (0ms)
				InitializePlatformSupportModulesInManaged (9ms)
				SetLoadedEditorAssemblies (6ms)
				RefreshPlugins (0ms)
				BeforeProcessingInitializeOnLoad (1ms)
				ProcessInitializeOnLoadAttributes (123ms)
				ProcessInitializeOnLoadMethodAttributes (44ms)
=======
			LoadAssemblies (68ms)
			RebuildTransferFunctionScriptingTraits (0ms)
			SetupTypeCache (106ms)
				TypeCache.Initialize (105ms)
					TypeCache.ScanAssembly (104ms)
				ResolveRequiredComponents (1ms)
		FinalizeReload (0ms)
			ReleaseScriptCaches (0ms)
			RebuildScriptCaches (0ms)
			SetupLoadedEditorAssemblies (182ms)
				LogAssemblyErrors (0ms)
				InitializePlatformSupportModulesInManaged (6ms)
				SetLoadedEditorAssemblies (8ms)
				RefreshPlugins (0ms)
				BeforeProcessingInitializeOnLoad (1ms)
				ProcessInitializeOnLoadAttributes (126ms)
				ProcessInitializeOnLoadMethodAttributes (40ms)
>>>>>>> Stashed changes
				AfterProcessingInitializeOnLoad (0ms)
				EditorAssembliesLoaded (0ms)
			ExecutionOrderSort2 (0ms)
			AwakeInstancesAfterBackupRestoration (0ms)
========================================================================
Worker process is ready to serve import requests
Begin MonoManager ReloadAssembly
<<<<<<< Updated upstream
Symbol file LoadedFromMemory doesn't match image E:\GitHub\Tony\Examen_\Examen_\Library\PackageCache\com.unity.visualscripting@1.8.0\Editor\VisualScripting.Core\Dependencies\YamlDotNet\Unity.VisualScripting.YamlDotNet.dll
Symbol file LoadedFromMemory doesn't match image E:\GitHub\Tony\Examen_\Examen_\Library\PackageCache\com.unity.visualscripting@1.8.0\Editor\VisualScripting.Core\Dependencies\DotNetZip\Unity.VisualScripting.IonicZip.dll
- Loaded All Assemblies, in  0.612 seconds
Refreshing native plugins compatible for Editor in 1.59 ms, found 3 plugins.
Native extension for WindowsStandalone target not found
Mono: successfully reloaded assembly
- Finished resetting the current domain, in  0.567 seconds
Domain Reload Profiling:
	ReloadAssembly (199ms)
		BeginReloadAssembly (128ms)
			ExecutionOrderSort (0ms)
			DisableScriptedObjects (4ms)
			BackupInstance (0ms)
			ReleaseScriptingObjects (0ms)
			CreateAndSetChildDomain (24ms)
		LoadAllAssembliesAndSetupDomain (414ms)
			LoadAssemblies (236ms)
			RebuildTransferFunctionScriptingTraits (0ms)
			SetupTypeCache (246ms)
				TypeCache.Initialize (229ms)
					TypeCache.ScanAssembly (224ms)
=======
Symbol file LoadedFromMemory doesn't match image C:\Users\anton\Documents\GitHub\Examen_\Examen_\Library\PackageCache\com.unity.visualscripting@1.8.0\Editor\VisualScripting.Core\Dependencies\YamlDotNet\Unity.VisualScripting.YamlDotNet.dll
Symbol file LoadedFromMemory doesn't match image C:\Users\anton\Documents\GitHub\Examen_\Examen_\Library\PackageCache\com.unity.visualscripting@1.8.0\Editor\VisualScripting.Core\Dependencies\DotNetZip\Unity.VisualScripting.IonicZip.dll
- Loaded All Assemblies, in  0.693 seconds
Refreshing native plugins compatible for Editor in 3.67 ms, found 3 plugins.
Native extension for WindowsStandalone target not found
Mono: successfully reloaded assembly
- Finished resetting the current domain, in  0.518 seconds
Domain Reload Profiling:
	ReloadAssembly (192ms)
		BeginReloadAssembly (122ms)
			ExecutionOrderSort (0ms)
			DisableScriptedObjects (5ms)
			BackupInstance (0ms)
			ReleaseScriptingObjects (0ms)
			CreateAndSetChildDomain (15ms)
		LoadAllAssembliesAndSetupDomain (500ms)
			LoadAssemblies (212ms)
			RebuildTransferFunctionScriptingTraits (0ms)
			SetupTypeCache (345ms)
				TypeCache.Initialize (318ms)
					TypeCache.ScanAssembly (315ms)
>>>>>>> Stashed changes
				ResolveRequiredComponents (3ms)
		FinalizeReload (0ms)
			ReleaseScriptCaches (0ms)
			RebuildScriptCaches (0ms)
<<<<<<< Updated upstream
			SetupLoadedEditorAssemblies (435ms)
				LogAssemblyErrors (0ms)
				InitializePlatformSupportModulesInManaged (4ms)
				SetLoadedEditorAssemblies (5ms)
				RefreshPlugins (0ms)
				BeforeProcessingInitializeOnLoad (48ms)
				ProcessInitializeOnLoadAttributes (356ms)
				ProcessInitializeOnLoadMethodAttributes (18ms)
				AfterProcessingInitializeOnLoad (3ms)
				EditorAssembliesLoaded (0ms)
			ExecutionOrderSort2 (0ms)
			AwakeInstancesAfterBackupRestoration (8ms)
Launched and connected shader compiler UnityShaderCompiler.exe after 0.07 seconds
Refreshing native plugins compatible for Editor in 1.45 ms, found 3 plugins.
Preloading 0 native plugins for Editor in 0.00 ms.
Unloading 3508 Unused Serialized files (Serialized files now loaded: 0)
Unloading 38 unused Assets / (57.1 KB). Loaded Objects now: 3998.
Memory consumption went from 208.3 MB to 208.3 MB.
Total: 3.771800 ms (FindLiveObjects: 0.260600 ms CreateObjectMapping: 0.145200 ms MarkObjects: 3.106100 ms  DeleteObjects: 0.258900 ms)

AssetImportParameters requested are different than current active one (requested -> active):
  custom:container-demuxer-ogg: 62fdf1f143b41e24485cea50d1cbac27 -> 
=======
			SetupLoadedEditorAssemblies (361ms)
				LogAssemblyErrors (0ms)
				InitializePlatformSupportModulesInManaged (4ms)
				SetLoadedEditorAssemblies (3ms)
				RefreshPlugins (0ms)
				BeforeProcessingInitializeOnLoad (44ms)
				ProcessInitializeOnLoadAttributes (286ms)
				ProcessInitializeOnLoadMethodAttributes (17ms)
				AfterProcessingInitializeOnLoad (6ms)
				EditorAssembliesLoaded (0ms)
			ExecutionOrderSort2 (0ms)
			AwakeInstancesAfterBackupRestoration (9ms)
Launched and connected shader compiler UnityShaderCompiler.exe after 0.06 seconds
Refreshing native plugins compatible for Editor in 2.01 ms, found 3 plugins.
Preloading 0 native plugins for Editor in 0.00 ms.
Unloading 3088 Unused Serialized files (Serialized files now loaded: 0)
Unloading 31 unused Assets / (56.4 KB). Loaded Objects now: 3577.
Memory consumption went from 193.4 MB to 193.3 MB.
Total: 3.026700 ms (FindLiveObjects: 0.294200 ms CreateObjectMapping: 0.070600 ms MarkObjects: 2.571900 ms  DeleteObjects: 0.088100 ms)

AssetImportParameters requested are different than current active one (requested -> active):
  custom:container-demuxer-ogg: 62fdf1f143b41e24485cea50d1cbac27 -> 
  custom:video-codec-MediaFoundation-h265: 746d11721c4dcdbdad8f713fa42b33f4 -> 
>>>>>>> Stashed changes
  custom:video-decoder-ogg-theora: a1e56fd34408186e4bbccfd4996cb3dc -> 
  custom:framework-win-MediaFoundation: 216162199b28c13a410421893ffa2e32 -> 
  custom:container-demuxer-webm: 4f35f7cbe854078d1ac9338744f61a02 -> 
  custom:container-muxer-webm: aa71ff27fc2769a1b78a27578f13a17b -> 
  custom:video-decoder-webm-vp8: 9c59270c3fd7afecdb556c50c9e8de78 -> 
  custom:AudioImporter_EditorPlatform: d09bf68614088b80899f8185d706f6e7 -> 
  custom:video-encoder-webm-vp8: eb34c28f22e8b96e1ab97ce403110664 -> 
  custom:audio-decoder-ogg-vorbis: bf7c407c2cedff20999df2af8eb42d56 -> 
  custom:audio-encoder-webm-vorbis: bf7c407c2cedff20999df2af8eb42d56 -> 
<<<<<<< Updated upstream
========================================================================
Received Import Request.
  Time since last request: 52126.181667 seconds.
  path: Assets/Assets/RPGPP_LT/Prefabs/Props/Items/rpgpp_lt_ladder_01.prefab
  artifactKey: Guid(7087784e228be8745af45599a5130532) Importer(815301076,1909f56bfc062723c751e8b465ee728b)
Start importing Assets/Assets/RPGPP_LT/Prefabs/Props/Items/rpgpp_lt_ladder_01.prefab using Guid(7087784e228be8745af45599a5130532) Importer(815301076,1909f56bfc062723c751e8b465ee728b)  -> (artifact id: '17984fa510479b8d5c9ccb561ad98b1d') in 0.103506 seconds
Number of updated asset objects reloaded before import = 0
Number of asset objects unloaded after import = 9
========================================================================
Received Import Request.
  Time since last request: 10.781795 seconds.
  path: Assets/Assets/Low Poly Water/Plane Meshes/Oceano1x1W1H1.asset
  artifactKey: Guid(2fa12b51e2b349045b3f5be89215228e) Importer(815301076,1909f56bfc062723c751e8b465ee728b)
Start importing Assets/Assets/Low Poly Water/Plane Meshes/Oceano1x1W1H1.asset using Guid(2fa12b51e2b349045b3f5be89215228e) Importer(815301076,1909f56bfc062723c751e8b465ee728b)  -> (artifact id: '2a76da95dbcade42ab8177b5ed51b00a') in 0.038813 seconds
Number of updated asset objects reloaded before import = 0
Number of asset objects unloaded after import = 2
========================================================================
Received Import Request.
  Time since last request: 0.000016 seconds.
  path: Assets/Assets/Low Poly Water/Plane Meshes/OceanPlane10x10W1000H1000.asset
  artifactKey: Guid(216bf0952200df347966ba9fe8ad621d) Importer(815301076,1909f56bfc062723c751e8b465ee728b)
Start importing Assets/Assets/Low Poly Water/Plane Meshes/OceanPlane10x10W1000H1000.asset using Guid(216bf0952200df347966ba9fe8ad621d) Importer(815301076,1909f56bfc062723c751e8b465ee728b)  -> (artifact id: '17f4fccace0ab22f5ba85fbcf7d61097') in 0.015658 seconds
Number of updated asset objects reloaded before import = 0
Number of asset objects unloaded after import = 2
========================================================================
Received Import Request.
  Time since last request: 93.798627 seconds.
  path: Assets/Assets/BERCEST STUDIO/LP_MedievalShip/Prefabs/Props/chair.prefab
  artifactKey: Guid(af8fec30060203c459f9fa4b082c8463) Importer(815301076,1909f56bfc062723c751e8b465ee728b)
Start importing Assets/Assets/BERCEST STUDIO/LP_MedievalShip/Prefabs/Props/chair.prefab using Guid(af8fec30060203c459f9fa4b082c8463) Importer(815301076,1909f56bfc062723c751e8b465ee728b)  -> (artifact id: 'cf542f5538a0f844acf7a550279cf1cf') in 0.027529 seconds
Number of updated asset objects reloaded before import = 0
Number of asset objects unloaded after import = 10
========================================================================
Received Import Request.
  Time since last request: 0.029267 seconds.
  path: Assets/Assets/Kabungus/HouseholdItems/Prefabs/Hammer.prefab
  artifactKey: Guid(41df444ea3a5a6047bf25530f442a1c3) Importer(815301076,1909f56bfc062723c751e8b465ee728b)
Start importing Assets/Assets/Kabungus/HouseholdItems/Prefabs/Hammer.prefab using Guid(41df444ea3a5a6047bf25530f442a1c3) Importer(815301076,1909f56bfc062723c751e8b465ee728b)  -> (artifact id: 'a461ec316982c46c104e5d7fc9883232') in 0.015475 seconds
Number of updated asset objects reloaded before import = 0
Number of asset objects unloaded after import = 14
========================================================================
Received Import Request.
  Time since last request: 0.000017 seconds.
  path: Assets/Assets/Kabungus/HouseholdItems/Prefabs/Hammer2.prefab
  artifactKey: Guid(a5d7bc77926fad4418b28e7cfcfeb174) Importer(815301076,1909f56bfc062723c751e8b465ee728b)
Start importing Assets/Assets/Kabungus/HouseholdItems/Prefabs/Hammer2.prefab using Guid(a5d7bc77926fad4418b28e7cfcfeb174) Importer(815301076,1909f56bfc062723c751e8b465ee728b)  -> (artifact id: 'b1ba9bb5cff048f807d93dc0e2c9fe95') in 0.011136 seconds
Number of updated asset objects reloaded before import = 0
Number of asset objects unloaded after import = 14
========================================================================
Received Import Request.
  Time since last request: 0.000016 seconds.
  path: Assets/Assets/Kabungus/HouseholdItems/Prefabs/Hatchet.prefab
  artifactKey: Guid(099057114fbfa384cac15e9afd032ec7) Importer(815301076,1909f56bfc062723c751e8b465ee728b)
Start importing Assets/Assets/Kabungus/HouseholdItems/Prefabs/Hatchet.prefab using Guid(099057114fbfa384cac15e9afd032ec7) Importer(815301076,1909f56bfc062723c751e8b465ee728b)  -> (artifact id: '37700deb4ea886516c454fcdb9693fa8') in 0.018809 seconds
Number of updated asset objects reloaded before import = 0
Number of asset objects unloaded after import = 14
========================================================================
Received Import Request.
  Time since last request: 0.000016 seconds.
  path: Assets/Assets/Kabungus/HouseholdItems/Prefabs/Hatchet2.prefab
  artifactKey: Guid(65e952c9b83db734eb12b9746342d824) Importer(815301076,1909f56bfc062723c751e8b465ee728b)
Start importing Assets/Assets/Kabungus/HouseholdItems/Prefabs/Hatchet2.prefab using Guid(65e952c9b83db734eb12b9746342d824) Importer(815301076,1909f56bfc062723c751e8b465ee728b)  -> (artifact id: '05083d506414b40d9e5492f8a5b4db8d') in 0.011100 seconds
Number of updated asset objects reloaded before import = 0
Number of asset objects unloaded after import = 14
========================================================================
Received Import Request.
  Time since last request: 0.000016 seconds.
  path: Assets/Assets/RPGPP_LT/Prefabs/Props/Furniture/Chairs/rpgpp_lt_chair_01a.prefab
  artifactKey: Guid(af46e0e24402dfa49aea336191bc47ab) Importer(815301076,1909f56bfc062723c751e8b465ee728b)
Start importing Assets/Assets/RPGPP_LT/Prefabs/Props/Furniture/Chairs/rpgpp_lt_chair_01a.prefab using Guid(af46e0e24402dfa49aea336191bc47ab) Importer(815301076,1909f56bfc062723c751e8b465ee728b)  -> (artifact id: '9ad10d326dda8709a449ae64b6ad0e1f') in 0.019152 seconds
Number of updated asset objects reloaded before import = 0
Number of asset objects unloaded after import = 9
========================================================================
Received Import Request.
  Time since last request: 0.000014 seconds.
  path: Assets/Assets/BERCEST STUDIO/LP_MedievalShip/Models/Props/chair.fbx
  artifactKey: Guid(233ff84a1d0effb458ab7f0e004821ca) Importer(815301076,1909f56bfc062723c751e8b465ee728b)
Start importing Assets/Assets/BERCEST STUDIO/LP_MedievalShip/Models/Props/chair.fbx using Guid(233ff84a1d0effb458ab7f0e004821ca) Importer(815301076,1909f56bfc062723c751e8b465ee728b)  -> (artifact id: '29572770f0f1241e7f40f7fd52a7e05a') in 0.020095 seconds
Number of updated asset objects reloaded before import = 0
Number of asset objects unloaded after import = 7
========================================================================
Received Import Request.
  Time since last request: 0.000042 seconds.
  path: Assets/Assets/Kabungus/HouseholdItems/Models/Hatchet2.fbx
  artifactKey: Guid(a8a4d20ce77d57145937695d1c21eef2) Importer(815301076,1909f56bfc062723c751e8b465ee728b)
Start importing Assets/Assets/Kabungus/HouseholdItems/Models/Hatchet2.fbx using Guid(a8a4d20ce77d57145937695d1c21eef2) Importer(815301076,1909f56bfc062723c751e8b465ee728b)  -> (artifact id: 'fc52172f780e770c6f77150e4b176355') in 0.055638 seconds
Number of updated asset objects reloaded before import = 0
Number of asset objects unloaded after import = 9
========================================================================
Received Import Request.
  Time since last request: 0.344973 seconds.
  path: Assets/Assets/Kabungus/HouseholdItems/Prefabs/SledgeHammer.prefab
  artifactKey: Guid(7c84ec7fc361f7d4cbe6b06be010b561) Importer(815301076,1909f56bfc062723c751e8b465ee728b)
Start importing Assets/Assets/Kabungus/HouseholdItems/Prefabs/SledgeHammer.prefab using Guid(7c84ec7fc361f7d4cbe6b06be010b561) Importer(815301076,1909f56bfc062723c751e8b465ee728b)  -> (artifact id: '81d7dd49b1f2d76d48166aaa80e307c3') in 0.012889 seconds
Number of updated asset objects reloaded before import = 0
Number of asset objects unloaded after import = 14
========================================================================
Received Import Request.
  Time since last request: 0.000017 seconds.
  path: Assets/Assets/Kabungus/HouseholdItems/Models/SledgeHammer2.fbx
  artifactKey: Guid(35e118018193e934ba26c008aa81846f) Importer(815301076,1909f56bfc062723c751e8b465ee728b)
Start importing Assets/Assets/Kabungus/HouseholdItems/Models/SledgeHammer2.fbx using Guid(35e118018193e934ba26c008aa81846f) Importer(815301076,1909f56bfc062723c751e8b465ee728b)  -> (artifact id: '841bcad6d3283a8c984e9a7a47acdffd') in 0.026902 seconds
Number of updated asset objects reloaded before import = 0
Number of asset objects unloaded after import = 9
========================================================================
Received Import Request.
  Time since last request: 148.457625 seconds.
  path: Assets/Assets/Kevin Iglesias/Skeleton Animations/Models/SkeletonSword.fbx
  artifactKey: Guid(f803efdce4ff9c74690364e5f46a9484) Importer(815301076,1909f56bfc062723c751e8b465ee728b)
Start importing Assets/Assets/Kevin Iglesias/Skeleton Animations/Models/SkeletonSword.fbx using Guid(f803efdce4ff9c74690364e5f46a9484) Importer(815301076,1909f56bfc062723c751e8b465ee728b)  -> (artifact id: '99420f3dd49645832eb0585917f36cad') in 0.030208 seconds
Number of updated asset objects reloaded before import = 0
Number of asset objects unloaded after import = 7
========================================================================
Received Import Request.
  Time since last request: 0.024511 seconds.
  path: Assets/Assets/Kevin Iglesias/Skeleton Animations/Materials/SkeletonSwordMaterial.mat
  artifactKey: Guid(750a86439c7519f4bbb45ff3aed99467) Importer(815301076,1909f56bfc062723c751e8b465ee728b)
Start importing Assets/Assets/Kevin Iglesias/Skeleton Animations/Materials/SkeletonSwordMaterial.mat using Guid(750a86439c7519f4bbb45ff3aed99467) Importer(815301076,1909f56bfc062723c751e8b465ee728b)  -> (artifact id: '9b382c7b79dd3bbc7b47731d7056393f') in 0.040852 seconds
Number of updated asset objects reloaded before import = 0
Number of asset objects unloaded after import = 2
========================================================================
Received Import Request.
  Time since last request: 0.000072 seconds.
  path: Assets/Assets/BERCEST STUDIO/LP_MedievalShip/Models/Weapons/sword.02.fbx
  artifactKey: Guid(0fe5a66ae1a99a24b84a2bcb49ea7940) Importer(815301076,1909f56bfc062723c751e8b465ee728b)
Start importing Assets/Assets/BERCEST STUDIO/LP_MedievalShip/Models/Weapons/sword.02.fbx using Guid(0fe5a66ae1a99a24b84a2bcb49ea7940) Importer(815301076,1909f56bfc062723c751e8b465ee728b)  -> (artifact id: '57c1e7f6f3b6a6d34e565df29669f11c') in 0.070075 seconds
Number of updated asset objects reloaded before import = 0
Number of asset objects unloaded after import = 7
========================================================================
Received Import Request.
  Time since last request: 0.000021 seconds.
  path: Assets/Assets/BERCEST STUDIO/LP_MedievalShip/Prefabs/Weapons/sword.01.prefab
  artifactKey: Guid(3dc42a838742c904194f27ef2919058a) Importer(815301076,1909f56bfc062723c751e8b465ee728b)
Start importing Assets/Assets/BERCEST STUDIO/LP_MedievalShip/Prefabs/Weapons/sword.01.prefab using Guid(3dc42a838742c904194f27ef2919058a) Importer(815301076,1909f56bfc062723c751e8b465ee728b)  -> (artifact id: '4482040170eddc362382fcc6bb61773d') in 0.070957 seconds
Number of updated asset objects reloaded before import = 0
Number of asset objects unloaded after import = 10
========================================================================
Received Import Request.
  Time since last request: 0.000015 seconds.
  path: Assets/Assets/Kevin Iglesias/Skeleton Animations/Textures/SkeletonSwordColor.png
  artifactKey: Guid(72a85c218a3ff4d4c89b5bd91343b8e8) Importer(815301076,1909f56bfc062723c751e8b465ee728b)
Start importing Assets/Assets/Kevin Iglesias/Skeleton Animations/Textures/SkeletonSwordColor.png using Guid(72a85c218a3ff4d4c89b5bd91343b8e8) Importer(815301076,1909f56bfc062723c751e8b465ee728b)  -> (artifact id: '2e1cf4f61bbc8565a5896528ed1e3952') in 0.038921 seconds
Number of updated asset objects reloaded before import = 0
Number of asset objects unloaded after import = 2
========================================================================
Received Import Request.
  Time since last request: 0.000022 seconds.
  path: Assets/Assets/BERCEST STUDIO/LP_MedievalShip/Prefabs/Weapons/sword.02.prefab
  artifactKey: Guid(b05852bf870d34942a997f9b3240d02c) Importer(815301076,1909f56bfc062723c751e8b465ee728b)
Start importing Assets/Assets/BERCEST STUDIO/LP_MedievalShip/Prefabs/Weapons/sword.02.prefab using Guid(b05852bf870d34942a997f9b3240d02c) Importer(815301076,1909f56bfc062723c751e8b465ee728b)  -> (artifact id: '08ae66f460cf00038531ffe7a0407386') in 0.021700 seconds
Number of updated asset objects reloaded before import = 0
Number of asset objects unloaded after import = 10
=======
>>>>>>> Stashed changes
Editor requested this worker to shutdown with reason: Scaling down because of idle timeout
TcpMessagingSession - receive error: operation aborted. errorcode: 995, details: La operación de E/S se anuló por una salida de subproceso o por una solicitud de aplicación.
AssetImportWorker is now disconnected from the server
Process exiting
Exiting without the bug reporter. Application will terminate with return code 0